Set Text position: Image width: 100Set Text position: Image width: 100Set Text position: Image width: 150Set Text position: Image widthSet Text position: Image widthSet Text position: Image widthSet Text position: Image width x
Set Text position: Image width x
Set Text position: Image width x
Set Text position: Image width 54
Set Text position: Image width 54
Set Text position: Image width 104
Set Text position: Image width 54
Set Text position: Image width 54
Set Text position: Image width 104
Set Text position: Image width 54
Set Text position: Image width 104
Set Text position: Image width 54
Set Text position: Image position - X: 54 Y: 89.5
Set Text position: Image position - X: 54 Y: 89.5
Set Text position: Image position - X: 104 Y: 139.5
Set Text position: Image position - X: 54 Y: 94.75
Set Text position: Image position - X: 54 Y: 94.75
Set Text position: Image position - X: 104 Y: 144.75
Set Text position: Image position - X: 54 Y: 94.75, Text height:21
Set Text position: Image position - X: 54 Y: 94.75, Text height:21
Set Text position: Image position - X: 104 Y: 144.75, Text height:21
Set Text position: Image position - X: 54 Y: 89.5, Text height:21
Set Text position: Image position - X: 54 Y: 89.5, Text height:21
Set Text position: Image position - X: 104 Y: 139.5, Text height:21
Set Text position: Image position - X: 54 Y: 89.5, Text height:21
Set Text position: Image position - X: 54 Y: 89.5, Text height:21
Set Text position: Image position - X: 104 Y: 139.5, Text height:21
Set Text position: Image position - X: 54 Y: 79, Text height:21
Set Text position: Image position - X: 54 Y: 79, Text height:21
Set Text position: Image position - X: 104 Y: 129, Text height:21
Set Text position: Image position - X: 54 Y: 89.5, Text height:21
Set Text position: Image position - X: 54 Y: 89.5, Text height:21
Set Text position: Image position - X: 104 Y: 139.5, Text height:21
Set Text position: Image position - X: 54 Y: 100, Text height:21
Set Text position: Image position - X: 54 Y: 100, Text height:21
Set Text position: Image position - X: 104 Y: 150, Text height:21
Set Text position: Image position - X: 54 Y: 121, Text height:21
Set Text position: Image position - X: 54 Y: 121, Text height:21
Set Text position: Image position - X: 104 Y: 171, Text height:21
Set Text position: Image position - X: 54 Y: 110.5, Text height:21
Set Text position: Image position - X: 54 Y: 110.5, Text height:21
Set Text position: Image position - X: 104 Y: 160.5, Text height:21
Set Text position: Image position - X: 54 Y: 110.5, Text height:21
Set Text position: Image position - X: 54 Y: 110.5, Text height:21
Set Text position: Image position - X: 104 Y: 160.5, Text height:21
Set Text position: Image position - X: 204 Y: 260.5, Text height:21
Set Text position: Image position - X: 31 Y: 115.5, Text height:31
Set Text position: Image position - X: 31 Y: 115.5, Text height:31
Set Text position: Image position - X: 81 Y: 165.5, Text height:31
Set Text position: Image position - X: 181.5 Y: 265.5, Text height:31
[]Set Text position: Image position - X: 31 Y: 115.5, Text height:31
[]Set Text position: Image position - X: 31 Y: 115.5, Text height:31
[]Set Text position: Image position - X: 81 Y: 165.5, Text height:31
[]Set Text position: Image position - X: 181.5 Y: 265.5, Text height:31
[15.02.2013 - 18:48]Set Text position: Image position - X: 42 Y: 113, Text height:26
[15.02.2013 - 18:48]Set Text position: Image position - X: 42 Y: 113, Text height:26
[15.02.2013 - 18:48]Set Text position: Image position - X: 92 Y: 163, Text height:26
[15.02.2013 - 18:48]Set Text position: Image position - X: 192 Y: 263, Text height:26
[[15.02.2013-18:48]]Set Text position: Image position - X: 42 Y: 113, Text height:26
[[15.02.2013-18:48]]Set Text position: Image position - X: 42 Y: 113, Text height:26
[[15.02.2013-18:48]]Set Text position: Image position - X: 92 Y: 163, Text height:26
[[15.02.2013-18:48]]Set Text position: Image position - X: 192 Y: 263, Text height:26
